[INFO] 2025-05-30T09:25:36.117Z: Faktura skickad: 
            Faktura för donation
            Belopp: 5 kr
            Datum: 5/30/2025
            Transaktions-ID: bc771d1e-e3f9-40e4-ba17-1ba04750d643
        
[INFO] 2025-05-30T10:43:13.498Z: Faktura skickad: 
            Faktura för donation
            Belopp: 100 kr
            Datum: 5/30/2025
            Transaktions-ID: 596f489e-50e5-417f-9afb-41462b7cea97
        
[INFO] 2025-05-30T10:43:43.395Z: Faktura skickad: 
            Faktura för donation
            Belopp: 90 kr
            Datum: 5/30/2025
            Transaktions-ID: 802e9157-a34d-416b-acde-eedb33d0f6d4
        
[INFO] 2025-05-30T10:44:12.294Z: Faktura skickad: 
            Faktura för donation
            Belopp: 50 kr
            Datum: 5/30/2025
            Transaktions-ID: 58560f99-b77a-4a8c-8127-59f9ae46fd87
        
[INFO] 2025-05-30T10:44:48.016Z: Faktura skickad: 
            Faktura för donation
            Belopp: 40 kr
            Datum: 5/30/2025
            Transaktions-ID: ac0a4a7f-c4c3-48bd-9503-d7d4f1823579
        
[INFO] 2025-05-30T11:23:21.482Z: Faktura skickad: 
            Faktura för donation
            Belopp: undefined kr
            Datum: 5/30/2025
            Transaktions-ID: bf8a16c1-f45a-40e3-bb21-a86b705ce77d
        
